<?xml version="1.0" encoding="UTF-8"?>
<!-- Generated by org.testng.reporters.JUnitReportReporter -->
<testsuite hostname="DESKTOP-UP906HV" failures="0" tests="3" name="com.testng.selenium.v1.LamdaTest" time="16.684" errors="0" timestamp="2024-12-28T19:25:02 IST" skipped="0">
  <testcase classname="com.testng.selenium.v1.LamdaTest" name="testDragAndDropSlider" time="5.344"/>
  <testcase classname="com.testng.selenium.v1.LamdaTest" name="testSimpleFormDemo" time="4.929"/>
  <testcase classname="com.testng.selenium.v1.LamdaTest" name="testInputFormSubmit" time="6.411"/>
</testsuite> <!-- com.testng.selenium.v1.LamdaTest -->
