<?xml version="1.0" encoding="UTF-8"?>
<!-- Generated by org.testng.reporters.JUnitXMLReporter -->
<testsuite ignored="0" hostname="DESKTOP-UP906HV" failures="0" tests="4" name="Surefire test" time="23.544" errors="0" timestamp="2024-12-28T19:27:03 IST">
  <testcase classname="com.testng.selenium.v1.DriverTest" name="testSimpleFormDemo" time="0.009"/>
  <testcase classname="com.testng.selenium.v1.LamdaTest" name="testDragAndDropSlider" time="0.005"/>
  <testcase classname="com.testng.selenium.v1.LamdaTest" name="testInputFormSubmit" time="0.01"/>
  <testcase classname="com.testng.selenium.v1.LamdaTest" name="testSimpleFormDemo" time="0.005"/>
</testsuite> <!-- Surefire test -->
