<?xml version="1.0" encoding="UTF-8"?>
<testng-results ignored="0" total="4" passed="4" failed="0" skipped="0">
  <reporter-output>
  </reporter-output>
  <suite started-at="2024-12-28T19:26:40 IST" name="Surefire suite" finished-at="2024-12-28T19:27:03 IST" duration-ms="23544">
    <groups>
    </groups>
    <test started-at="2024-12-28T19:26:40 IST" name="Surefire test" finished-at="2024-12-28T19:27:03 IST" duration-ms="23544">
      <class name="com.testng.selenium.v1.LamdaTest">
        <test-method is-config="true" signature="setUp()[pri:0, instance:com.testng.selenium.v1.LamdaTest@1725dc0f]" started-at="2024-12-28T19:26:48 IST" name="setUp" finished-at="2024-12-28T19:26:53 IST" duration-ms="5371" status="PASS">
          <reporter-output>
          </reporter-output>
        </test-method> <!-- setUp -->
        <test-method signature="testDragAndDropSlider()[pri:0, instance:com.testng.selenium.v1.LamdaTest@1725dc0f]" started-at="2024-12-28T19:26:53 IST" name="testDragAndDropSlider" finished-at="2024-12-28T19:26:53 IST" duration-ms="5" status="PASS">
          <reporter-output>
          </reporter-output>
        </test-method> <!-- testDragAndDropSlider -->
        <test-method is-config="true" signature="tearDown()[pri:0, instance:com.testng.selenium.v1.LamdaTest@1725dc0f]" started-at="2024-12-28T19:26:53 IST" name="tearDown" finished-at="2024-12-28T19:26:53 IST" duration-ms="1" status="PASS">
          <reporter-output>
          </reporter-output>
        </test-method> <!-- tearDown -->
        <test-method is-config="true" signature="setUp()[pri:0, instance:com.testng.selenium.v1.LamdaTest@1725dc0f]" started-at="2024-12-28T19:26:53 IST" name="setUp" finished-at="2024-12-28T19:26:58 IST" duration-ms="4857" status="PASS">
          <reporter-output>
          </reporter-output>
        </test-method> <!-- setUp -->
        <test-method signature="testInputFormSubmit()[pri:0, instance:com.testng.selenium.v1.LamdaTest@1725dc0f]" started-at="2024-12-28T19:26:58 IST" name="testInputFormSubmit" finished-at="2024-12-28T19:26:58 IST" duration-ms="10" status="PASS">
          <reporter-output>
          </reporter-output>
        </test-method> <!-- testInputFormSubmit -->
        <test-method is-config="true" signature="tearDown()[pri:0, instance:com.testng.selenium.v1.LamdaTest@1725dc0f]" started-at="2024-12-28T19:26:58 IST" name="tearDown" finished-at="2024-12-28T19:26:58 IST" duration-ms="3" status="PASS">
          <reporter-output>
          </reporter-output>
        </test-method> <!-- tearDown -->
        <test-method is-config="true" signature="setUp()[pri:0, instance:com.testng.selenium.v1.LamdaTest@1725dc0f]" started-at="2024-12-28T19:26:58 IST" name="setUp" finished-at="2024-12-28T19:27:03 IST" duration-ms="4892" status="PASS">
          <reporter-output>
          </reporter-output>
        </test-method> <!-- setUp -->
        <test-method signature="testSimpleFormDemo()[pri:0, instance:com.testng.selenium.v1.LamdaTest@1725dc0f]" started-at="2024-12-28T19:27:03 IST" name="testSimpleFormDemo" finished-at="2024-12-28T19:27:03 IST" duration-ms="5" status="PASS">
          <reporter-output>
          </reporter-output>
        </test-method> <!-- testSimpleFormDemo -->
        <test-method is-config="true" signature="tearDown()[pri:0, instance:com.testng.selenium.v1.LamdaTest@1725dc0f]" started-at="2024-12-28T19:27:03 IST" name="tearDown" finished-at="2024-12-28T19:27:03 IST" duration-ms="1" status="PASS">
          <reporter-output>
          </reporter-output>
        </test-method> <!-- tearDown -->
      </class> <!-- com.testng.selenium.v1.LamdaTest -->
      <class name="com.testng.selenium.v1.DriverTest">
        <test-method is-config="true" signature="setUp()[pri:0, instance:com.testng.selenium.v1.DriverTest@1d119efb]" started-at="2024-12-28T19:26:40 IST" name="setUp" finished-at="2024-12-28T19:26:48 IST" duration-ms="8321" status="PASS">
          <reporter-output>
          </reporter-output>
        </test-method> <!-- setUp -->
        <test-method signature="testSimpleFormDemo()[pri:0, instance:com.testng.selenium.v1.DriverTest@1d119efb]" started-at="2024-12-28T19:26:48 IST" name="testSimpleFormDemo" finished-at="2024-12-28T19:26:48 IST" duration-ms="9" status="PASS">
          <reporter-output>
          </reporter-output>
        </test-method> <!-- testSimpleFormDemo -->
        <test-method is-config="true" signature="tearDown()[pri:0, instance:com.testng.selenium.v1.DriverTest@1d119efb]" started-at="2024-12-28T19:26:48 IST" name="tearDown" finished-at="2024-12-28T19:26:48 IST" duration-ms="1" status="PASS">
          <reporter-output>
          </reporter-output>
        </test-method> <!-- tearDown -->
      </class> <!-- com.testng.selenium.v1.DriverTest -->
    </test> <!-- Surefire test -->
  </suite> <!-- Surefire suite -->
</testng-results>
