<?xml version="1.0" encoding="UTF-8"?>
<testng-results ignored="0" total="1" passed="1" failed="0" skipped="0">
  <reporter-output>
  </reporter-output>
  <suite started-at="2024-12-28T19:27:07 IST" name="Default suite" finished-at="2024-12-28T19:27:14 IST" duration-ms="6330">
    <groups>
    </groups>
    <test started-at="2024-12-28T19:27:07 IST" name="Default test" finished-at="2024-12-28T19:27:14 IST" duration-ms="6330">
      <class name="com.testng.selenium.v1.DriverTest">
        <test-method is-config="true" signature="setUp()[pri:0, instance:com.testng.selenium.v1.DriverTest@10d68fcd]" started-at="2024-12-28T19:27:07 IST" name="setUp" finished-at="2024-12-28T19:27:13 IST" duration-ms="6258" status="PASS">
          <reporter-output>
          </reporter-output>
        </test-method> <!-- setUp -->
        <test-method signature="testSimpleFormDemo()[pri:0, instance:com.testng.selenium.v1.DriverTest@10d68fcd]" started-at="2024-12-28T19:27:13 IST" name="testSimpleFormDemo" finished-at="2024-12-28T19:27:14 IST" duration-ms="16" status="PASS">
          <reporter-output>
          </reporter-output>
        </test-method> <!-- testSimpleFormDemo -->
        <test-method is-config="true" signature="tearDown()[pri:0, instance:com.testng.selenium.v1.DriverTest@10d68fcd]" started-at="2024-12-28T19:27:14 IST" name="tearDown" finished-at="2024-12-28T19:27:14 IST" duration-ms="0" status="PASS">
          <reporter-output>
          </reporter-output>
        </test-method> <!-- tearDown -->
      </class> <!-- com.testng.selenium.v1.DriverTest -->
    </test> <!-- Default test -->
  </suite> <!-- Default suite -->
</testng-results>
