<?xml version="1.0" encoding="UTF-8"?>
<!-- Generated by org.testng.reporters.JUnitReportReporter -->
<testsuite hostname="DESKTOP-UP906HV" failures="0" tests="3" name="com.testng.selenium.v1.LamdaTest" time="15.145" errors="0" timestamp="2024-12-28T19:27:03 IST" skipped="0">
  <testcase classname="com.testng.selenium.v1.LamdaTest" name="testDragAndDropSlider" time="4.863"/>
  <testcase classname="com.testng.selenium.v1.LamdaTest" name="testInputFormSubmit" time="5.382"/>
  <testcase classname="com.testng.selenium.v1.LamdaTest" name="testSimpleFormDemo" time="4.900"/>
</testsuite> <!-- com.testng.selenium.v1.LamdaTest -->
